<?xml version="1.0" encoding="UTF-8"?>
<!-- Generated by org.testng.reporters.JUnitXMLReporter -->
<testsuite ignored="0" hostname="Bharath" failures="0" tests="5" name="Test" time="51.841" errors="0" timestamp="2025-01-11T19:55:34 IST">
  <testcase classname="tests.FourTest" name="fourtest" time="8.456"/>
  <testcase classname="tests.TwoTest" name="testtwo" time="7.338"/>
  <testcase classname="tests.LoginTest" name="login" time="5.728"/>
  <testcase classname="tests.LoginTest" name="login" time="14.509"/>
  <testcase classname="tests.ThreeTest" name="threetest" time="6.808"/>
</testsuite> <!-- Test -->
